2005.07.26 17:22 B C:\Work\Visual Studio Projects\TJFTP\res\bitmap3.bmp --> www.shellraker.com /personal/work/TJFTP/TJFTP/res bitmap3.bmp
2005.07.26 17:22 B C:\Work\Visual Studio Projects\TJFTP\res\bitmap4.bmp --> www.shellraker.com /personal/work/TJFTP/TJFTP/res bitmap4.bmp
2005.07.26 17:22 B C:\Work\Visual Studio Projects\TJFTP\res\drives.bmp --> www.shellraker.com /personal/work/TJFTP/TJFTP/res drives.bmp
2005.07.26 17:22 B C:\Work\Visual Studio Projects\TJFTP\res\icon3.ico --> www.shellraker.com /personal/work/TJFTP/TJFTP/res icon3.ico
2005.07.26 17:22 B C:\Work\Visual Studio Projects\TJFTP\res\smalldoc.bmp --> www.shellraker.com /personal/work/TJFTP/TJFTP/res smalldoc.bmp
2005.07.26 17:22 B C:\Work\Visual Studio Projects\TJFTP\res\tjftp.ico --> www.shellraker.com /personal/work/TJFTP/TJFTP/res tjftp.ico
2005.07.26 17:22 B C:\Work\Visual Studio Projects\TJFTP\res\tjftp.rc2 --> www.shellraker.com /personal/work/TJFTP/TJFTP/res tjftp.rc2
2005.07.26 17:22 B C:\Work\Visual Studio Projects\TJFTP\res\tjftpdoc.ico --> www.shellraker.com /personal/work/TJFTP/TJFTP/res tjftpdoc.ico
2005.07.26 17:22 B C:\Work\Visual Studio Projects\TJFTP\res\toolbar.bmp --> www.shellraker.com /personal/work/TJFTP/TJFTP/res toolbar.bmp
2005.07.26 17:22 B C:\Work\Visual Studio Projects\TJFTP\res\uparrow.ico --> www.shellraker.com /personal/work/TJFTP/TJFTP/res uparrow.ico
2005.07.27 17:26 B C:\Work\Visual Studio Projects\TJFTP\res\bitmap3.bmp --> www.shellraker.com /personal/work/TJFTP27Jul/TJFTP/res bitmap3.bmp
2005.07.27 17:26 B C:\Work\Visual Studio Projects\TJFTP\res\bitmap4.bmp --> www.shellraker.com /personal/work/TJFTP27Jul/TJFTP/res bitmap4.bmp
2005.07.27 17:26 B C:\Work\Visual Studio Projects\TJFTP\res\drives.bmp --> www.shellraker.com /personal/work/TJFTP27Jul/TJFTP/res drives.bmp
2005.07.27 17:26 B C:\Work\Visual Studio Projects\TJFTP\res\icon3.ico --> www.shellraker.com /personal/work/TJFTP27Jul/TJFTP/res icon3.ico
2005.07.27 17:26 B C:\Work\Visual Studio Projects\TJFTP\res\smalldoc.bmp --> www.shellraker.com /personal/work/TJFTP27Jul/TJFTP/res smalldoc.bmp
2005.07.27 17:26 B C:\Work\Visual Studio Projects\TJFTP\res\tjftp.ico --> www.shellraker.com /personal/work/TJFTP27Jul/TJFTP/res tjftp.ico
2005.07.27 17:26 B C:\Work\Visual Studio Projects\TJFTP\res\tjftp.rc2 --> www.shellraker.com /personal/work/TJFTP27Jul/TJFTP/res tjftp.rc2
2005.07.27 17:26 B C:\Work\Visual Studio Projects\TJFTP\res\tjftpdoc.ico --> www.shellraker.com /personal/work/TJFTP27Jul/TJFTP/res tjftpdoc.ico
2005.07.27 17:26 B C:\Work\Visual Studio Projects\TJFTP\res\toolbar.bmp --> www.shellraker.com /personal/work/TJFTP27Jul/TJFTP/res toolbar.bmp
2005.07.27 17:26 B C:\Work\Visual Studio Projects\TJFTP\res\uparrow.ico --> www.shellraker.com /personal/work/TJFTP27Jul/TJFTP/res uparrow.ico
2005.07.27 17:26 B C:\Work\Visual Studio Projects\TJFTP\res\WS_FTP.LOG --> www.shellraker.com /personal/work/TJFTP27Jul/TJFTP/res WS_FTP.LOG
2005.07.28 17:18 B C:\Work\Visual Studio Projects\TJFTP\res\bitmap3.bmp --> www.shellraker.com /personal/work/TJFTP28Jul/TJFTP/res bitmap3.bmp
2005.07.28 17:18 B C:\Work\Visual Studio Projects\TJFTP\res\bitmap4.bmp --> www.shellraker.com /personal/work/TJFTP28Jul/TJFTP/res bitmap4.bmp
2005.07.28 17:18 B C:\Work\Visual Studio Projects\TJFTP\res\drives.bmp --> www.shellraker.com /personal/work/TJFTP28Jul/TJFTP/res drives.bmp
2005.07.28 17:18 B C:\Work\Visual Studio Projects\TJFTP\res\icon3.ico --> www.shellraker.com /personal/work/TJFTP28Jul/TJFTP/res icon3.ico
2005.07.28 17:18 B C:\Work\Visual Studio Projects\TJFTP\res\smalldoc.bmp --> www.shellraker.com /personal/work/TJFTP28Jul/TJFTP/res smalldoc.bmp
2005.07.28 17:18 B C:\Work\Visual Studio Projects\TJFTP\res\tjftp.ico --> www.shellraker.com /personal/work/TJFTP28Jul/TJFTP/res tjftp.ico
2005.07.28 17:18 B C:\Work\Visual Studio Projects\TJFTP\res\tjftp.rc2 --> www.shellraker.com /personal/work/TJFTP28Jul/TJFTP/res tjftp.rc2
2005.07.28 17:18 B C:\Work\Visual Studio Projects\TJFTP\res\tjftpdoc.ico --> www.shellraker.com /personal/work/TJFTP28Jul/TJFTP/res tjftpdoc.ico
2005.07.28 17:18 B C:\Work\Visual Studio Projects\TJFTP\res\toolbar.bmp --> www.shellraker.com /personal/work/TJFTP28Jul/TJFTP/res toolbar.bmp
2005.07.28 17:18 B C:\Work\Visual Studio Projects\TJFTP\res\uparrow.ico --> www.shellraker.com /personal/work/TJFTP28Jul/TJFTP/res uparrow.ico
2005.07.28 17:18 B C:\Work\Visual Studio Projects\TJFTP\res\WS_FTP.LOG --> www.shellraker.com /personal/work/TJFTP28Jul/TJFTP/res WS_FTP.LOG
